2025-09-19 11:19:33,575 - INFO - Loading dataset...
2025-09-19 11:19:33,875 - INFO - Loaded 18205 records with 343 features
2025-09-19 11:19:33,892 - INFO - Starting focused climate-health analysis...
2025-09-19 11:19:33,892 - INFO - Running Composite Indices...
2025-09-19 11:19:33,892 - INFO - Testing composite health indices...
2025-09-19 11:19:34,044 - INFO - Composite Indices: Found 0 relationships
2025-09-19 11:19:34,044 - INFO - Running Interaction Effects...
2025-09-19 11:19:34,044 - INFO - Testing interaction effects...
2025-09-19 11:19:34,315 - INFO - Found interaction: FASTING GLUCOSE ~ temperature × Race_encoded, R² = 0.348
2025-09-19 11:19:34,382 - INFO - Found interaction: FASTING LDL ~ temperature × Sex_encoded, R² = 0.058
2025-09-19 11:19:34,450 - INFO - Interaction Effects: Found 2 relationships
2025-09-19 11:19:34,450 - INFO - Running Temporal Patterns...
2025-09-19 11:19:34,450 - INFO - Testing temporal patterns...
2025-09-19 11:19:35,349 - INFO - Temporal Patterns: Found 0 relationships
2025-09-19 11:19:35,350 - INFO - Running Alternative Features...
2025-09-19 11:19:35,350 - INFO - Testing alternative climate features...
2025-09-19 11:19:35,418 - INFO - Found alt feature: FASTING GLUCOSE ~ temp_variability_7d, R² = 0.086
2025-09-19 11:19:35,487 - INFO - Alternative Features: Found 1 relationships
2025-09-19 11:19:35,487 - INFO - Running Subpopulation Highlights...
2025-09-19 11:19:35,487 - INFO - Testing key subpopulations...
2025-09-19 11:19:36,015 - INFO - Subpopulation Highlights: Found 0 relationships
2025-09-19 11:19:36,015 - INFO - Analysis complete. Found 3 total relationships
2025-09-19 11:19:36,015 - INFO - Significant relationships: 3
