2025-09-19 11:21:25,180 - INFO - Loading and enhancing dataset...
2025-09-19 11:21:25,506 - INFO - Loaded 18205 records
2025-09-19 11:21:25,506 - INFO - Identified 209 climate features
2025-09-19 11:21:25,506 - INFO - Creating climate indices...
2025-09-19 11:21:25,521 - INFO - Created climate indices. Total features: 215
2025-09-19 11:21:25,554 - INFO - Starting expanded discovery analysis...
2025-09-19 11:21:25,554 - INFO - Running Systematic Climate Testing...
2025-09-19 11:21:25,554 - INFO - Systematic biomarker-climate testing...
2025-09-19 11:21:25,555 - INFO - Testing CD4 cell count (cells/µL)...
2025-09-19 11:21:28,792 - INFO - Found: CD4 cell count (cells/µL) ~ temperature, R² = 0.144
2025-09-19 11:21:31,238 - INFO - Found: CD4 cell count (cells/µL) ~ heat_stress, R² = 0.151
2025-09-19 11:21:34,555 - INFO - Found: CD4 cell count (cells/µL) ~ humidity_wind, R² = 0.153
2025-09-19 11:21:36,341 - INFO - Found: CD4 cell count (cells/µL) ~ degree_days, R² = 0.208
2025-09-19 11:21:39,148 - INFO - Found: CD4 cell count (cells/µL) ~ lagged_effects, R² = 0.188
2025-09-19 11:21:42,169 - INFO - Found: CD4 cell count (cells/µL) ~ composites, R² = 0.142
2025-09-19 11:21:42,169 - INFO - Testing FASTING GLUCOSE...
2025-09-19 11:21:47,633 - INFO - Found: FASTING GLUCOSE ~ temperature, R² = 0.132
2025-09-19 11:21:51,417 - INFO - Found: FASTING GLUCOSE ~ heat_stress, R² = 0.146
2025-09-19 11:21:57,172 - INFO - Found: FASTING GLUCOSE ~ humidity_wind, R² = 0.143
2025-09-19 11:21:59,497 - INFO - Found: FASTING GLUCOSE ~ degree_days, R² = 0.204
2025-09-19 11:22:04,216 - INFO - Found: FASTING GLUCOSE ~ lagged_effects, R² = 0.208
2025-09-19 11:22:09,215 - INFO - Found: FASTING GLUCOSE ~ composites, R² = 0.157
2025-09-19 11:22:09,215 - INFO - Testing FASTING LDL...
2025-09-19 11:22:35,639 - INFO - Testing FASTING TOTAL CHOLESTEROL...
2025-09-19 11:22:57,500 - INFO - Found: FASTING TOTAL CHOLESTEROL ~ lagged_effects, R² = 0.051
2025-09-19 11:23:02,374 - INFO - Testing FASTING HDL...
2025-09-19 11:23:29,304 - INFO - Testing Creatinine (mg/dL)...
2025-09-19 11:23:45,974 - INFO - Testing Hemoglobin (g/dL)...
2025-09-19 11:24:02,662 - INFO - Testing systolic blood pressure...
2025-09-19 11:24:41,085 - INFO - Testing diastolic blood pressure...
2025-09-19 11:25:19,757 - INFO - Systematic Climate Testing: Found 13 relationships
2025-09-19 11:25:19,757 - INFO - Running Advanced Interactions...
2025-09-19 11:25:19,757 - INFO - Testing advanced interactions...
2025-09-19 11:25:24,530 - INFO - Found three-way interaction: FASTING GLUCOSE ~ temperature × Race_encoded × season, R² = 0.350
2025-09-19 11:25:29,074 - INFO - Found three-way interaction: FASTING GLUCOSE ~ comprehensive_heat_stress × Race_encoded × season, R² = 0.319
2025-09-19 11:25:44,644 - INFO - Found three-way interaction: Hemoglobin (g/dL) ~ temperature × Sex_encoded × season, R² = 0.244
2025-09-19 11:25:48,013 - INFO - Found three-way interaction: Hemoglobin (g/dL) ~ comprehensive_heat_stress × Sex_encoded × season, R² = 0.235
2025-09-19 11:25:51,558 - INFO - Found three-way interaction: Creatinine (mg/dL) ~ temperature × Sex_encoded × season, R² = 0.239
2025-09-19 11:25:55,150 - INFO - Found three-way interaction: Creatinine (mg/dL) ~ comprehensive_heat_stress × Sex_encoded × season, R² = 0.236
2025-09-19 11:25:56,961 - INFO - Advanced Interactions: Found 6 relationships
2025-09-19 11:25:56,961 - INFO - Running Lagged Effects...
2025-09-19 11:25:56,961 - INFO - Testing lagged effects...
2025-09-19 11:25:59,406 - INFO - Found lagged effect: CD4 cell count (cells/µL) ~ climate_lag_0d, R² = 0.188
2025-09-19 11:26:02,860 - INFO - Found lagged effect: CD4 cell count (cells/µL) ~ climate_lag_1d, R² = 0.215
2025-09-19 11:26:06,098 - INFO - Found lagged effect: CD4 cell count (cells/µL) ~ climate_lag_2d, R² = 0.290
2025-09-19 11:26:08,723 - INFO - Found lagged effect: CD4 cell count (cells/µL) ~ climate_lag_3d, R² = 0.196
2025-09-19 11:26:11,134 - INFO - Found lagged effect: CD4 cell count (cells/µL) ~ climate_lag_5d, R² = 0.201
2025-09-19 11:26:13,562 - INFO - Found lagged effect: CD4 cell count (cells/µL) ~ climate_lag_7d, R² = 0.197
2025-09-19 11:26:17,250 - INFO - Found lagged effect: FASTING GLUCOSE ~ climate_lag_0d, R² = 0.219
2025-09-19 11:26:23,111 - INFO - Found lagged effect: FASTING GLUCOSE ~ climate_lag_1d, R² = 0.206
